#
# There is insufficient memory for the Java Runtime Environment to continue.
# Native memory allocation (malloc) failed to allocate 32744 bytes for ChunkPool::allocate
# Possible reasons:
#   The system is out of physical RAM or swap space
#   The process is running with CompressedOops enabled, and the Java Heap may be blocking the growth of the native heap
# Possible solutions:
#   Reduce memory load on the system
#   Increase physical memory or swap space
#   Check if swap backing store is full
#   Decrease Java heap size (-Xmx/-Xms)
#   Decrease number of Java threads
#   Decrease Java thread stack sizes (-Xss)
#   Set larger code cache with -XX:ReservedCodeCacheSize=
#   JVM is running with Unscaled Compressed Oops mode in which the Java heap is
#     placed in the first 4GB address space. The Java Heap base address is the
#     maximum limit for the native heap growth. Please use -XX:HeapBaseMinAddress
#     to set the Java Heap base and to place the Java Heap above 4GB virtual address.
# This output file may be truncated or incomplete.
#
#  Out of Memory Error (allocation.cpp:272), pid=7916, tid=0x00000000000009dc
#
# JRE version: OpenJDK Runtime Environment (8.0_242-b01) (build 1.8.0_242-release-1644-b01)
# Java VM: OpenJDK 64-Bit Server VM (25.242-b01 mixed mode windows-amd64 compressed oops)
# Failed to write core dump. Minidumps are not enabled by default on client versions of Windows
#

---------------  T H R E A D  ---------------

Current thread (0x00000000182de000):  JavaThread "C2 CompilerThread2" daemon [_thread_in_native, id=2524, stack(0x000000001abc0000,0x000000001acc0000)]

Stack: [0x000000001abc0000,0x000000001acc0000]
[error occurred during error reporting (printing stack bounds), id 0xc0000005]

Native frames: (J=compiled Java code, j=interpreted, Vv=VM code, C=native code)


Current CompileTask:
C2:6626564 31632       4       com.android.tools.r8.ir.optimize.l::q (468 bytes)


---------------  P R O C E S S  ---------------

Java Threads: ( => current thread )
  0x000000003018c000 JavaThread "stdout" [_thread_in_native, id=1264, stack(0x000000003dea0000,0x000000003dfa0000)]
  0x0000000030189000 JavaThread "stderr" [_thread_in_native, id=8780, stack(0x000000003dda0000,0x000000003dea0000)]
  0x000000003018e800 JavaThread "stdout" [_thread_in_native, id=1844, stack(0x000000003dca0000,0x000000003dda0000)]
  0x000000003018b800 JavaThread "stderr" [_thread_in_native, id=8144, stack(0x000000003dba0000,0x000000003dca0000)]
  0x0000000030187000 JavaThread "stdout" [_thread_in_native, id=7524, stack(0x000000003daa0000,0x000000003dba0000)]
  0x000000003018a800 JavaThread "stderr" [_thread_in_native, id=6552, stack(0x000000003d9a0000,0x000000003daa0000)]
  0x000000003018d800 JavaThread "stdout" [_thread_in_native, id=8816, stack(0x000000003d8a0000,0x000000003d9a0000)]
  0x0000000030186000 JavaThread "stderr" [_thread_in_native, id=1268, stack(0x000000003d7a0000,0x000000003d8a0000)]
  0x000000003018a000 JavaThread "stdout" [_thread_in_native, id=5392, stack(0x000000003d6a0000,0x000000003d7a0000)]
  0x0000000030187800 JavaThread "stderr" [_thread_in_native, id=1472, stack(0x000000003d5a0000,0x000000003d6a0000)]
  0x000000003018d000 JavaThread "stdout" [_thread_in_native, id=7148, stack(0x000000003d4a0000,0x000000003d5a0000)]
  0x0000000031ba0800 JavaThread "stderr" [_thread_in_native, id=2492, stack(0x000000003d3a0000,0x000000003d4a0000)]
  0x0000000031b9d000 JavaThread "stdout" [_thread_in_native, id=8416, stack(0x000000003d2a0000,0x000000003d3a0000)]
  0x0000000031b9b800 JavaThread "stderr" [_thread_in_native, id=6324, stack(0x000000003d1a0000,0x000000003d2a0000)]
  0x0000000031b9c000 JavaThread "stdout" [_thread_in_native, id=264, stack(0x000000003d0a0000,0x000000003d1a0000)]
  0x0000000031ba1800 JavaThread "stderr" [_thread_in_native, id=9108, stack(0x000000003cfa0000,0x000000003d0a0000)]
  0x0000000031ba0000 JavaThread "pool-8-thread-1" [_thread_blocked, id=3884, stack(0x000000003cea0000,0x000000003cfa0000)]
  0x0000000031b9f000 JavaThread "WorkerExecutor Queue Thread 8" [_thread_blocked, id=4768, stack(0x000000003cda0000,0x000000003cea0000)]
  0x0000000031b9a800 JavaThread "WorkerExecutor Queue Thread 7" [_thread_blocked, id=9124, stack(0x000000003cca0000,0x000000003cda0000)]
  0x0000000031b9a000 JavaThread "WorkerExecutor Queue Thread 6" [_thread_blocked, id=2516, stack(0x000000003cba0000,0x000000003cca0000)]
  0x0000000031b9d800 JavaThread "WorkerExecutor Queue Thread 5" [_thread_blocked, id=636, stack(0x000000003caa0000,0x000000003cba0000)]
  0x0000000031b9e800 JavaThread "WorkerExecutor Queue Thread 4" [_thread_blocked, id=3544, stack(0x000000003c3a0000,0x000000003c4a0000)]
  0x0000000031b92800 JavaThread "WorkerExecutor Queue Thread 3" [_thread_blocked, id=2132, stack(0x000000003c2a0000,0x000000003c3a0000)]
  0x0000000031b97800 JavaThread "WorkerExecutor Queue Thread 2" [_thread_blocked, id=4884, stack(0x000000003bae0000,0x000000003bbe0000)]
  0x0000000031b99000 JavaThread "WorkerExecutor Queue" [_thread_blocked, id=4644, stack(0x000000003a3c0000,0x000000003a4c0000)]
  0x0000000031b93000 JavaThread "Cache worker for execution history cache (C:\Users\Vlad\AndroidStudioProjects\OOP-Course-Project\.gradle\6.5\executionHistory)" [_thread_blocked, id=2844, stack(0x000000003a2c0000,0x000000003a3c0000)]
  0x0000000031b95800 JavaThread "Execution worker for ':' Thread 7" [_thread_blocked, id=8308, stack(0x000000003a1c0000,0x000000003a2c0000)]
  0x0000000031b96000 JavaThread "Execution worker for ':' Thread 6" [_thread_blocked, id=6812, stack(0x000000003a0c0000,0x000000003a1c0000)]
  0x0000000031b98800 JavaThread "Execution worker for ':' Thread 5" [_thread_blocked, id=9112, stack(0x000000002eb50000,0x000000002ec50000)]
  0x000000001cb63800 JavaThread "Execution worker for ':' Thread 4" [_thread_blocked, id=412, stack(0x000000002ea50000,0x000000002eb50000)]
  0x000000001cb61800 JavaThread "Execution worker for ':' Thread 3" [_thread_blocked, id=4564, stack(0x000000002e950000,0x000000002ea50000)]
  0x000000001cb63000 JavaThread "Execution worker for ':' Thread 2" [_thread_blocked, id=4376, stack(0x000000002e850000,0x000000002e950000)]
  0x000000001cb60800 JavaThread "Execution worker for ':'" [_thread_blocked, id=7972, stack(0x000000002e750000,0x000000002e850000)]
  0x000000001cb5e800 JavaThread "Cache worker for file content cache (C:\Users\Vlad\AndroidStudioProjects\OOP-Course-Project\.gradle\6.5\fileContent)" [_thread_blocked, id=4492, stack(0x000000002e650000,0x000000002e750000)]
  0x0000000035add800 JavaThread "Cache worker for Build Output Cleanup Cache (C:\Users\Vlad\AndroidStudioProjects\OOP-Course-Project\.gradle\buildOutputCleanup)" [_thread_blocked, id=2836, stack(0x000000002e550000,0x000000002e650000)]
  0x0000000035adf000 JavaThread "jar transforms Thread 372" [_thread_blocked, id=904, stack(0x000000002e450000,0x000000002e550000)]
  0x0000000035adc000 JavaThread "jar transforms Thread 371" [_thread_blocked, id=7768, stack(0x000000002e350000,0x000000002e450000)]
  0x0000000035ada800 JavaThread "jar transforms Thread 370" [_thread_blocked, id=7000, stack(0x000000002e250000,0x000000002e350000)]
  0x0000000035adb000 JavaThread "jar transforms Thread 369" [_thread_blocked, id=6388, stack(0x000000002cce0000,0x000000002cde0000)]
  0x0000000035adc800 JavaThread "jar transforms Thread 368" [_thread_blocked, id=2092, stack(0x000000002cbe0000,0x000000002cce0000)]
  0x0000000035ad2800 JavaThread "jar transforms Thread 367" [_thread_blocked, id=2860, stack(0x000000002c8e0000,0x000000002c9e0000)]
  0x0000000035ad5800 JavaThread "jar transforms Thread 366" [_thread_blocked, id=3432, stack(0x000000002c5e0000,0x000000002c6e0000)]
  0x0000000035ad5000 JavaThread "jar transforms Thread 365" [_thread_blocked, id=8500, stack(0x000000002c4e0000,0x000000002c5e0000)]
  0x0000000035ad3800 JavaThread "jar transforms Thread 364" [_thread_blocked, id=3160, stack(0x000000002c0e0000,0x000000002c1e0000)]
  0x000000001ba26800 JavaThread "jar transforms Thread 363" [_thread_blocked, id=1712, stack(0x000000002bde0000,0x000000002bee0000)]
  0x000000001ba26000 JavaThread "jar transforms Thread 362" [_thread_blocked, id=1236, stack(0x000000002bce0000,0x000000002bde0000)]
  0x000000001ba24800 JavaThread "jar transforms Thread 361" [_thread_blocked, id=6916, stack(0x000000002bbe0000,0x000000002bce0000)]
  0x000000001ba23800 JavaThread "jar transforms Thread 360" [_thread_blocked, id=272, stack(0x000000002bae0000,0x000000002bbe0000)]
  0x000000001ba25000 JavaThread "jar transforms Thread 359" [_thread_blocked, id=4392, stack(0x000000002b9e0000,0x000000002bae0000)]
  0x000000001ba23000 JavaThread "jar transforms Thread 358" [_thread_blocked, id=2628, stack(0x000000002b8e0000,0x000000002b9e0000)]
  0x000000001ba27800 JavaThread "jar transforms Thread 357" [_thread_blocked, id=8528, stack(0x000000002b7e0000,0x000000002b8e0000)]
  0x000000001ba1b800 JavaThread "jar transforms Thread 356" [_thread_blocked, id=3152, stack(0x000000002b6e0000,0x000000002b7e0000)]
  0x000000001ba1e800 JavaThread "jar transforms Thread 355" [_thread_blocked, id=788, stack(0x000000002b1e0000,0x000000002b2e0000)]
  0x000000001ba1d800 JavaThread "jar transforms Thread 354" [_thread_blocked, id=6008, stack(0x0000000028f90000,0x0000000029090000)]
  0x000000001ba20800 JavaThread "jar transforms Thread 353" [_thread_blocked, id=4524, stack(0x0000000028c30000,0x0000000028d30000)]
  0x000000001ba1a800 JavaThread "jar transforms Thread 352" [_thread_blocked, id=8584, stack(0x0000000028b30000,0x0000000028c30000)]
  0x000000001ba1f000 JavaThread "jar transforms Thread 351" [_thread_blocked, id=5152, stack(0x0000000028a30000,0x0000000028b30000)]
  0x0000000029df9800 JavaThread "jar transforms Thread 350" [_thread_blocked, id=3668, stack(0x0000000028930000,0x0000000028a30000)]
  0x0000000029df8800 JavaThread "jar transforms Thread 349" [_thread_blocked, id=9196, stack(0x0000000028830000,0x0000000028930000)]
  0x0000000029df8000 JavaThread "jar transforms Thread 348" [_thread_blocked, id=1872, stack(0x0000000028730000,0x0000000028830000)]
  0x0000000029dfe800 JavaThread "jar transforms Thread 347" [_thread_blocked, id=6532, stack(0x0000000028630000,0x0000000028730000)]
  0x0000000029dfe000 JavaThread "jar transforms Thread 346" [_thread_blocked, id=1804, stack(0x0000000028530000,0x0000000028630000)]
  0x0000000029dfd000 JavaThread "jar transforms Thread 345" [_thread_blocked, id=1352, stack(0x0000000028430000,0x0000000028530000)]
  0x0000000029dfc800 JavaThread "jar transforms Thread 344" [_thread_blocked, id=5592, stack(0x0000000028330000,0x0000000028430000)]
  0x0000000029df0000 JavaThread "jar transforms Thread 343" [_thread_blocked, id=1160, stack(0x0000000028230000,0x0000000028330000)]
  0x0000000029df5800 JavaThread "jar transforms Thread 342" [_thread_blocked, id=4932, stack(0x0000000028130000,0x0000000028230000)]
  0x0000000029df6800 JavaThread "jar transforms Thread 341" [_thread_blocked, id=5756, stack(0x0000000028030000,0x0000000028130000)]
  0x0000000029df1800 JavaThread "jar transforms Thread 340" [_thread_blocked, id=3156, stack(0x0000000027f30000,0x0000000028030000)]
  0x0000000029df7000 JavaThread "jar transforms Thread 339" [_thread_blocked, id=3748, stack(0x0000000027e30000,0x0000000027f30000)]
  0x0000000029df4000 JavaThread "jar transforms Thread 338" [_thread_blocked, id=2008, stack(0x0000000027d30000,0x0000000027e30000)]
  0x0000000029def800 JavaThread "jar transforms Thread 337" [_thread_blocked, id=8576, stack(0x0000000027c30000,0x0000000027d30000)]
  0x0000000029df1000 JavaThread "jar transforms Thread 336" [_thread_blocked, id=8724, stack(0x0000000027b30000,0x0000000027c30000)]
  0x0000000029df4800 JavaThread "jar transforms Thread 335" [_thread_blocked, id=6152, stack(0x0000000027a30000,0x0000000027b30000)]
  0x000000001f8cb000 JavaThread "jar transforms Thread 334" [_thread_blocked, id=3476, stack(0x0000000027930000,0x0000000027a30000)]
  0x000000001f8ca000 JavaThread "jar transforms Thread 333" [_thread_blocked, id=1860, stack(0x0000000027830000,0x0000000027930000)]
  0x000000001f8c8800 JavaThread "jar transforms Thread 332" [_thread_blocked, id=7836, stack(0x0000000027730000,0x0000000027830000)]
  0x000000001f8c7000 JavaThread "jar transforms Thread 331" [_thread_blocked, id=8456, stack(0x0000000027630000,0x0000000027730000)]
  0x000000001f8c8000 JavaThread "jar transforms Thread 330" [_thread_blocked, id=2664, stack(0x0000000027530000,0x0000000027630000)]
  0x000000001f8c6800 JavaThread "jar transforms Thread 329" [_thread_blocked, id=808, stack(0x0000000027430000,0x0000000027530000)]
  0x000000001f8c5800 JavaThread "jar transforms Thread 328" [_thread_blocked, id=6124, stack(0x0000000027330000,0x0000000027430000)]
  0x000000001f8c1000 JavaThread "jar transforms Thread 327" [_thread_blocked, id=8344, stack(0x0000000027230000,0x0000000027330000)]
  0x000000001f8c5000 JavaThread "jar transforms Thread 326" [_thread_blocked, id=8428, stack(0x0000000027130000,0x0000000027230000)]
  0x000000001f8bc800 JavaThread "jar transforms Thread 325" [_thread_blocked, id=1772, stack(0x0000000027030000,0x0000000027130000)]
  0x000000001f8c3800 JavaThread "jar transforms Thread 324" [_thread_blocked, id=3272, stack(0x0000000026f30000,0x0000000027030000)]
  0x000000001f8c0000 JavaThread "jar transforms Thread 323" [_thread_blocked, id=6092, stack(0x0000000026e30000,0x0000000026f30000)]
  0x000000001f8bb800 JavaThread "jar transforms Thread 322" [_thread_blocked, id=8236, stack(0x0000000026d30000,0x0000000026e30000)]
  0x000000001f8bf800 JavaThread "jar transforms Thread 321" [_thread_blocked, id=8256, stack(0x0000000026c30000,0x0000000026d30000)]
  0x000000001f8be000 JavaThread "jar transforms Thread 320" [_thread_blocked, id=8296, stack(0x0000000026b30000,0x0000000026c30000)]
  0x000000001f8c2800 JavaThread "jar transforms Thread 319" [_thread_blocked, id=2684, stack(0x0000000026a30000,0x0000000026b30000)]
  0x000000001f8be800 JavaThread "jar transforms Thread 318" [_thread_blocked, id=1648, stack(0x0000000026930000,0x0000000026a30000)]
  0x000000001d46e800 JavaThread "jar transforms Thread 317" [_thread_blocked, id=6824, stack(0x0000000026830000,0x0000000026930000)]
  0x000000001d46e000 JavaThread "jar transforms Thread 316" [_thread_blocked, id=2592, stack(0x0000000026730000,0x0000000026830000)]
  0x000000001d46d000 JavaThread "jar transforms Thread 315" [_thread_blocked, id=2060, stack(0x0000000026630000,0x0000000026730000)]
  0x000000001d46c800 JavaThread "jar transforms Thread 314" [_thread_blocked, id=4336, stack(0x0000000026270000,0x0000000026370000)]
  0x000000001d46b800 JavaThread "jar transforms Thread 313" [_thread_blocked, id=3120, stack(0x0000000026170000,0x0000000026270000)]
  0x000000001d464000 JavaThread "jar transforms Thread 312" [_thread_blocked, id=8488, stack(0x0000000026070000,0x0000000026170000)]
  0x000000001d467000 JavaThread "jar transforms Thread 311" [_thread_blocked, id=8140, stack(0x0000000025f70000,0x0000000026070000)]
  0x000000001d46b000 JavaThread "jar transforms Thread 310" [_thread_blocked, id=3220, stack(0x0000000025e70000,0x0000000025f70000)]
  0x000000001d469800 JavaThread "jar transforms Thread 309" [_thread_blocked, id=5292, stack(0x0000000025d70000,0x0000000025e70000)]
  0x000000001d468800 JavaThread "jar transforms Thread 308" [_thread_blocked, id=1312, stack(0x0000000025c70000,0x0000000025d70000)]
  0x000000001d46a000 JavaThread "jar transforms Thread 307" [_thread_blocked, id=5296, stack(0x0000000025b70000,0x0000000025c70000)]
  0x000000001d462000 JavaThread "jar transforms Thread 306" [_thread_blocked, id=4292, stack(0x0000000025a70000,0x0000000025b70000)]
  0x000000001d465000 JavaThread "jar transforms Thread 305" [_thread_blocked, id=8328, stack(0x0000000025970000,0x0000000025a70000)]
  0x000000001d45f800 JavaThread "jar transforms Thread 304" [_thread_blocked, id=6180, stack(0x0000000025870000,0x0000000025970000)]
  0x000000001d466800 JavaThread "jar transforms Thread 303" [_thread_blocked, id=5308, stack(0x0000000025570000,0x0000000025670000)]
  0x000000001d462800 JavaThread "jar transforms Thread 302" [_thread_blocked, id=884, stack(0x0000000025470000,0x0000000025570000)]
  0x000000001d461000 JavaThread "jar transforms Thread 301" [_thread_blocked, id=4384, stack(0x0000000025370000,0x0000000025470000)]
  0x000000001d465800 JavaThread "jar transforms Thread 300" [_thread_blocked, id=7216, stack(0x0000000025270000,0x0000000025370000)]
  0x000000003076b000 JavaThread "jar transforms Thread 299" [_thread_blocked, id=8484, stack(0x0000000025170000,0x0000000025270000)]
  0x000000003076a800 JavaThread "jar transforms Thread 298" [_thread_blocked, id=5892, stack(0x0000000025070000,0x0000000025170000)]
  0x0000000030769800 JavaThread "jar transforms Thread 297" [_thread_blocked, id=1848, stack(0x0000000024f70000,0x0000000025070000)]
  0x000000003076c800 JavaThread "jar transforms Thread 296" [_thread_blocked, id=8744, stack(0x0000000024e70000,0x0000000024f70000)]
  0x0000000030769000 JavaThread "jar transforms Thread 295" [_thread_blocked, id=6168, stack(0x0000000024d70000,0x0000000024e70000)]
  0x0000000030767800 JavaThread "jar transforms Thread 294" [_thread_blocked, id=4600, stack(0x0000000024a10000,0x0000000024b10000)]
  0x000000003076c000 JavaThread "jar transforms Thread 293" [_thread_blocked, id=1576, stack(0x0000000024910000,0x0000000024a10000)]
  0x000000003076e800 JavaThread "jar transforms Thread 292" [_thread_blocked, id=8300, stack(0x0000000024810000,0x0000000024910000)]
  0x0000000030768000 JavaThread "jar transforms Thread 291" [_thread_blocked, id=7056, stack(0x0000000024710000,0x0000000024810000)]
  0x0000000030760000 JavaThread "jar transforms Thread 290" [_thread_blocked, id=7452, stack(0x0000000024390000,0x0000000024490000)]
  0x0000000030766800 JavaThread "jar transforms Thread 289" [_thread_blocked, id=4864, stack(0x0000000024290000,0x0000000024390000)]
  0x000000003075f000 JavaThread "jar transforms Thread 288" [_thread_blocked, id=1748, stack(0x0000000024190000,0x0000000024290000)]
  0x0000000030761800 JavaThread "jar transforms Thread 287" [_thread_blocked, id=8460, stack(0x0000000024090000,0x0000000024190000)]
  0x0000000030762000 JavaThread "jar transforms Thread 286" [_thread_blocked, id=1436, stack(0x0000000023f90000,0x0000000024090000)]
  0x0000000030766000 JavaThread "jar transforms Thread 285" [_thread_blocked, id=2036, stack(0x0000000023e90000,0x0000000023f90000)]
  0x0000000030765000 JavaThread "jar transforms Thread 284" [_thread_blocked, id=7480, stack(0x0000000023d90000,0x0000000023e90000)]
  0x0000000030763000 JavaThread "jar transforms Thread 283" [_thread_blocked, id=1396, stack(0x0000000023c90000,0x0000000023d90000)]
  0x0000000030764800 JavaThread "jar transforms Thread 282" [_thread_blocked, id=2364, stack(0x0000000023b90000,0x0000000023c90000)]
  0x0000000030760800 JavaThread "jar transforms Thread 281" [_thread_blocked, id=4652, stack(0x0000000023a90000,0x0000000023b90000)]
  0x0000000030763800 JavaThread "jar transforms Thread 280" [_thread_blocked, id=4656, stack(0x0000000023990000,0x0000000023a90000)]
  0x0000000021a07000 JavaThread "jar transforms Thread 279" [_thread_blocked, id=7272, stack(0x0000000023890000,0x0000000023990000)]
  0x0000000021a08800 JavaThread "Build operations Thread 8" [_thread_blocked, id=5412, stack(0x0000000023090000,0x0000000023190000)]
  0x0000000021a06800 JavaThread "Build operations Thread 7" [_thread_blocked, id=8356, stack(0x0000000022f90000,0x0000000023090000)]
  0x0000000021a04000 JavaThread "Build operations Thread 6" [_thread_blocked, id=9100, stack(0x0000000022e90000,0x0000000022f90000)]
  0x0000000021a05800 JavaThread "Build operations Thread 5" [_thread_blocked, id=8304, stack(0x0000000022d90000,0x0000000022e90000)]
  0x0000000021a05000 JavaThread "Build operations Thread 4" [_thread_blocked, id=3212, stack(0x0000000022c90000,0x0000000022d90000)]
  0x0000000021a08000 JavaThread "Build operations Thread 3" [_thread_blocked, id=2792, stack(0x0000000022b90000,0x0000000022c90000)]
  0x00000000219fc800 JavaThread "Build operations Thread 2" [_thread_in_Java, id=2896, stack(0x0000000022a90000,0x0000000022b90000)]
  0x0000000021a02800 JavaThread "Build operations" [_thread_blocked, id=5344, stack(0x0000000022990000,0x0000000022a90000)]
  0x0000000021a03800 JavaThread "Cache worker for cache directory md-rule (C:\Users\Vlad\.gradle\caches\6.5\md-rule)" [_thread_blocked, id=1588, stack(0x00000000211c0000,0x00000000212c0000)]
  0x0000000021a02000 JavaThread "Cache worker for cache directory md-supplier (C:\Users\Vlad\.gradle\caches\6.5\md-supplier)" [_thread_blocked, id=8288, stack(0x00000000209c0000,0x0000000020ac0000)]
  0x00000000219fa800 JavaThread "Cache worker for checksums cache (C:\Users\Vlad\AndroidStudioProjects\OOP-Course-Project\.gradle\checksums)" [_thread_blocked, id=4100, stack(0x00000000208c0000,0x00000000209c0000)]
  0x0000000021a01000 JavaThread "Cache worker for file hash cache (C:\Users\Vlad\AndroidStudioProjects\OOP-Course-Project\.gradle\6.5\fileHashes)" [_thread_blocked, id=4144, stack(0x00000000207c0000,0x00000000208c0000)]
  0x00000000219f9800 JavaThread "Thread-394" [_thread_blocked, id=3564, stack(0x00000000204c0000,0x00000000205c0000)]
  0x0000000021a00800 JavaThread "Stdin handler" [_thread_blocked, id=9208, stack(0x000000001eaf0000,0x000000001ebf0000)]
  0x00000000219fb000 JavaThread "Asynchronous log dispatcher for DefaultDaemonConnection: socket connection from /127.0.0.1:61932 to /127.0.0.1:63319" [_thread_blocked, id=952, stack(0x000000001e7f0000,0x000000001e8f0000)]
  0x00000000219fe000 JavaThread "Daemon worker Thread 3" [_thread_blocked, id=7236, stack(0x000000001e4f0000,0x000000001e5f0000)]
  0x00000000219ff800 JavaThread "Cancel handler" [_thread_blocked, id=8720, stack(0x000000001dea0000,0x000000001dfa0000)]
  0x00000000219fc000 JavaThread "Handler for socket connection from /127.0.0.1:61932 to /127.0.0.1:63319" [_thread_in_native, id=6960, stack(0x000000001dda0000,0x000000001dea0000)]
  0x00000000219fd800 JavaThread "Daemon Thread 3" [_thread_blocked, id=6068, stack(0x00000000013f0000,0x00000000014f0000)]
  0x0000000035ad4000 JavaThread "Cache worker for Java compile cache (C:\Users\Vlad\.gradle\caches\6.5\javaCompile)" [_thread_blocked, id=2088, stack(0x00000000015b0000,0x00000000016b0000)]
  0x000000001ba22000 JavaThread "MarlinRenderer Disposer" daemon [_thread_blocked, id=6504, stack(0x000000002cf80000,0x000000002d080000)]
  0x000000001ba29000 JavaThread "Java2D Disposer" daemon [_thread_blocked, id=3632, stack(0x000000002ce80000,0x000000002cf80000)]
  0x000000001f8bd000 JavaThread "Memory manager" [_thread_blocked, id=5932, stack(0x000000002ac60000,0x000000002ad60000)]
  0x000000001cb62000 JavaThread "Cache worker for file content cache (C:\Users\Vlad\.gradle\caches\6.5\fileContent)" [_thread_blocked, id=1664, stack(0x00000000212c0000,0x00000000213c0000)]
  0x000000001cb5f000 JavaThread "Cache worker for execution history cache (C:\Users\Vlad\.gradle\caches\6.5\executionHistory)" [_thread_blocked, id=5748, stack(0x0000000020ac0000,0x0000000020bc0000)]
  0x000000001cb64800 JavaThread "Cache worker for file hash cache (C:\Users\Vlad\.gradle\caches\6.5\fileHashes)" [_thread_blocked, id=4776, stack(0x000000001eff0000,0x000000001f0f0000)]
  0x000000001cb65000 JavaThread "File lock request listener" [_thread_in_native, id=4896, stack(0x000000001eef0000,0x000000001eff0000)]
  0x000000001bc38000 JavaThread "Cache worker for journal cache (C:\Users\Vlad\.gradle\caches\journal-1)" [_thread_blocked, id=4936, stack(0x000000001edf0000,0x000000001eef0000)]
  0x000000001b8dd000 JavaThread "Daemon periodic checks" [_thread_blocked, id=5492, stack(0x000000001e1f0000,0x000000001e2f0000)]
  0x000000001b358800 JavaThread "Incoming local TCP Connector on port 61932" [_thread_in_native, id=6864, stack(0x000000001dfa0000,0x000000001e0a0000)]
  0x000000001c9f6800 JavaThread "Daemon health stats" [_thread_blocked, id=2432, stack(0x000000001d960000,0x000000001da60000)]
  0x000000001a177800 JavaThread "Service Thread" daemon [_thread_blocked, id=2248, stack(0x000000001adc0000,0x000000001aec0000)]
  0x000000001a0ec000 JavaThread "C1 CompilerThread3" daemon [_thread_blocked, id=1936, stack(0x000000001acc0000,0x000000001adc0000)]
=>0x00000000182de000 JavaThread "C2 CompilerThread2" daemon [_thread_in_native, id=2524, stack(0x000000001abc0000,0x000000001acc0000)]
  0x00000000182db800 JavaThread "C2 CompilerThread1" daemon [_thread_in_native, id=5196, stack(0x000000001aac0000,0x000000001abc0000)]
  0x00000000182d9800 JavaThread "C2 CompilerThread0" daemon [_thread_in_native, id=5752, stack(0x000000001a9c0000,0x000000001aac0000)]
  0x000000001a0e2000 JavaThread "Attach Listener" daemon [_thread_blocked, id=8152, stack(0x000000001a8c0000,0x000000001a9c0000)]
  0x000000001a0e5800 JavaThread "Signal Dispatcher" daemon [_thread_blocked, id=4840, stack(0x000000001a7c0000,0x000000001a8c0000)]
  0x000000001a0d0800 JavaThread "Finalizer" daemon [_thread_blocked, id=2616, stack(0x000000001a5b0000,0x000000001a6b0000)]
  0x00000000182cb800 JavaThread "Reference Handler" daemon [_thread_blocked, id=4852, stack(0x000000001a4b0000,0x000000001a5b0000)]
  0x000000000315d800 JavaThread "main" [_thread_blocked, id=2588, stack(0x0000000003050000,0x0000000003150000)]

Other Threads:
  0x00000000182c6000 VMThread [stack: 0x0000000019fb0000,0x000000001a0b0000] [id=6652]
  0x000000001a178800 WatcherThread [stack: 0x000000001aec0000,0x000000001afc0000] [id=1736]

VM state:not at safepoint (normal execution)

VM Mutex/Monitor currently owned by a thread: None

heap address: 0x0000000080000000, size: 2048 MB, Compressed Oops mode: 32-bit
Narrow klass base: 0x0000000000000000, Narrow klass shift: 3
Compressed class space size: 1073741824 Address: 0x0000000100000000

Heap:
 PSYoungGen      total 564224K, used 528565K [0x00000000d5580000, 0x00000000ffa80000, 0x0000000100000000)
  eden space 550912K, 93% used [0x00000000d5580000,0x00000000f4cb19d8,0x00000000f6f80000)
  from space 13312K, 99% used [0x00000000f6f80000,0x00000000f7c7ba30,0x00000000f7c80000)
  to   space 71168K, 0% used [0x00000000fb500000,0x00000000fb500000,0x00000000ffa80000)
 ParOldGen       total 250880K, used 147530K [0x0000000080000000, 0x000000008f500000, 0x00000000d5580000)
  object space 250880K, 58% used [0x0000000080000000,0x0000000089012b10,0x000000008f500000)
 Metaspace       used 144389K, capacity 152092K, committed 152232K, reserved 1181696K
  class space    used 18656K, capacity 20083K, committed 20144K, reserved 1048576K

Card table byte_map: [0x0000000012620000,0x0000000012a30000] byte_map_base: 0x0000000012220000

Marking Bits: (ParMarkBitMap*) 0x000000005e40f030
 Begin Bits: [0x00000000134e0000, 0x00000000154e0000)
 End Bits:   [0x00000000154e0000, 0x00000000174e0000)

Polling page: 0x00000000017f0000

CodeCache: size=245760Kb used=90582Kb max_used=90824Kb free=155177Kb
 bounds [0x0000000003260000, 0x0000000008bb0000, 0x0000000012260000]
 total_blobs=26055 nmethods=25030 adapters=934
 compilation: enabled

Compilation events (10 events):
Event: 6626.426 Thread 0x000000001a0ec000 31954       2       com.android.tools.r8.ir.conversion.o$$Lambda$2840/285252937::apply (8 bytes)
Event: 6626.426 Thread 0x000000001a0ec000 nmethod 31954 0x000000000364ac10 code [0x000000000364ad60, 0x000000000364af10]
Event: 6626.426 Thread 0x000000001a0ec000 31955       2       com.android.tools.r8.ir.conversion.o::d (8 bytes)
Event: 6626.427 Thread 0x000000001a0ec000 nmethod 31955 0x0000000004ee4e90 code [0x0000000004ee4fe0, 0x0000000004ee5150]
Event: 6626.428 Thread 0x000000001a0ec000 31956       2       com.android.tools.r8.ir.conversion.o::a (270 bytes)
Event: 6626.431 Thread 0x000000001a0ec000 nmethod 31956 0x00000000072fda50 code [0x00000000072fdd20, 0x00000000072fe808]
Event: 6626.463 Thread 0x00000000182de000 nmethod 30735 0x00000000044d4850 code [0x00000000044d4c60, 0x00000000044d8200]
Event: 6626.463 Thread 0x00000000182de000 31632       4       com.android.tools.r8.ir.optimize.l::q (468 bytes)
Event: 6626.490 Thread 0x000000001a0ec000 31957       3       com.android.tools.r8.ir.conversion.o::a (270 bytes)
Event: 6626.493 Thread 0x000000001a0ec000 nmethod 31957 0x0000000003961190 code [0x0000000003961540, 0x00000000039632e8]

GC Heap History (10 events):
Event: 6620.852 GC heap before
{Heap before GC invocations=46 (full 5):
 PSYoungGen      total 602624K, used 602608K [0x00000000d5580000, 0x0000000100000000, 0x0000000100000000)
  eden space 562688K, 100% used [0x00000000d5580000,0x00000000f7b00000,0x00000000f7b00000)
  from space 39936K, 99% used [0x00000000fd900000,0x00000000ffffc350,0x0000000100000000)
  to   space 68096K, 0% used [0x00000000f7b00000,0x00000000f7b00000,0x00000000fbd80000)
 ParOldGen       total 250880K, used 112966K [0x0000000080000000, 0x000000008f500000, 0x00000000d5580000)
  object space 250880K, 45% used [0x0000000080000000,0x0000000086e518c8,0x000000008f500000)
 Metaspace       used 143298K, capacity 150946K, committed 151208K, reserved 1179648K
  class space    used 18645K, capacity 20076K, committed 20144K, reserved 1048576K
Event: 6620.899 GC heap after
Heap after GC invocations=46 (full 5):
 PSYoungGen      total 605696K, used 42783K [0x00000000d5580000, 0x0000000100000000, 0x0000000100000000)
  eden space 562688K, 0% used [0x00000000d5580000,0x00000000d5580000,0x00000000f7b00000)
  from space 43008K, 99% used [0x00000000f7b00000,0x00000000fa4c7c50,0x00000000fa500000)
  to   space 70656K, 0% used [0x00000000fbb00000,0x00000000fbb00000,0x0000000100000000)
 ParOldGen       total 250880K, used 112974K [0x0000000080000000, 0x000000008f500000, 0x00000000d5580000)
  object space 250880K, 45% used [0x0000000080000000,0x0000000086e538c8,0x000000008f500000)
 Metaspace       used 143298K, capacity 150946K, committed 151208K, reserved 1179648K
  class space    used 18645K, capacity 20076K, committed 20144K, reserved 1048576K
}
Event: 6621.829 GC heap before
{Heap before GC invocations=47 (full 5):
 PSYoungGen      total 605696K, used 605471K [0x00000000d5580000, 0x0000000100000000, 0x0000000100000000)
  eden space 562688K, 100% used [0x00000000d5580000,0x00000000f7b00000,0x00000000f7b00000)
  from space 43008K, 99% used [0x00000000f7b00000,0x00000000fa4c7c50,0x00000000fa500000)
  to   space 70656K, 0% used [0x00000000fbb00000,0x00000000fbb00000,0x0000000100000000)
 ParOldGen       total 250880K, used 112974K [0x0000000080000000, 0x000000008f500000, 0x00000000d5580000)
  object space 250880K, 45% used [0x0000000080000000,0x0000000086e538c8,0x000000008f500000)
 Metaspace       used 143834K, capacity 151556K, committed 151720K, reserved 1181696K
  class space    used 18653K, capacity 20079K, committed 20144K, reserved 1048576K
Event: 6621.915 GC heap after
Heap after GC invocations=47 (full 5):
 PSYoungGen      total 622080K, used 46478K [0x00000000d5580000, 0x0000000100000000, 0x0000000100000000)
  eden space 551424K, 0% used [0x00000000d5580000,0x00000000d5580000,0x00000000f7000000)
  from space 70656K, 65% used [0x00000000fbb00000,0x00000000fe863b30,0x0000000100000000)
  to   space 73728K, 0% used [0x00000000f7000000,0x00000000f7000000,0x00000000fb800000)
 ParOldGen       total 250880K, used 112982K [0x0000000080000000, 0x000000008f500000, 0x00000000d5580000)
  object space 250880K, 45% used [0x0000000080000000,0x0000000086e558c8,0x000000008f500000)
 Metaspace       used 143834K, capacity 151556K, committed 151720K, reserved 1181696K
  class space    used 18653K, capacity 20079K, committed 20144K, reserved 1048576K
}
Event: 6622.770 GC heap before
{Heap before GC invocations=48 (full 5):
 PSYoungGen      total 622080K, used 597902K [0x00000000d5580000, 0x0000000100000000, 0x0000000100000000)
  eden space 551424K, 100% used [0x00000000d5580000,0x00000000f7000000,0x00000000f7000000)
  from space 70656K, 65% used [0x00000000fbb00000,0x00000000fe863b30,0x0000000100000000)
  to   space 73728K, 0% used [0x00000000f7000000,0x00000000f7000000,0x00000000fb800000)
 ParOldGen       total 250880K, used 112982K [0x0000000080000000, 0x000000008f500000, 0x00000000d5580000)
  object space 250880K, 45% used [0x0000000080000000,0x0000000086e558c8,0x000000008f500000)
 Metaspace       used 144083K, capacity 151780K, committed 151976K, reserved 1181696K
  class space    used 18653K, capacity 20079K, committed 20144K, reserved 1048576K
Event: 6622.826 GC heap after
Heap after GC invocations=48 (full 5):
 PSYoungGen      total 596480K, used 44551K [0x00000000d5580000, 0x0000000100000000, 0x0000000100000000)
  eden space 551424K, 0% used [0x00000000d5580000,0x00000000d5580000,0x00000000f7000000)
  from space 45056K, 98% used [0x00000000f7000000,0x00000000f9b81f20,0x00000000f9c00000)
  to   space 74752K, 0% used [0x00000000fb700000,0x00000000fb700000,0x0000000100000000)
 ParOldGen       total 250880K, used 112990K [0x0000000080000000, 0x000000008f500000, 0x00000000d5580000)
  object space 250880K, 45% used [0x0000000080000000,0x0000000086e578c8,0x000000008f500000)
 Metaspace       used 144083K, capacity 151780K, committed 151976K, reserved 1181696K
  class space    used 18653K, capacity 20079K, committed 20144K, reserved 1048576K
}
Event: 6623.616 GC heap before
{Heap before GC invocations=49 (full 5):
 PSYoungGen      total 596480K, used 595975K [0x00000000d5580000, 0x0000000100000000, 0x0000000100000000)
  eden space 551424K, 100% used [0x00000000d5580000,0x00000000f7000000,0x00000000f7000000)
  from space 45056K, 98% used [0x00000000f7000000,0x00000000f9b81f20,0x00000000f9c00000)
  to   space 74752K, 0% used [0x00000000fb700000,0x00000000fb700000,0x0000000100000000)
 ParOldGen       total 250880K, used 112990K [0x0000000080000000, 0x000000008f500000, 0x00000000d5580000)
  object space 250880K, 45% used [0x0000000080000000,0x0000000086e578c8,0x000000008f500000)
 Metaspace       used 144205K, capacity 151912K, committed 152232K, reserved 1181696K
  class space    used 18653K, capacity 20079K, committed 20144K, reserved 1048576K
Event: 6623.706 GC heap after
Heap after GC invocations=49 (full 5):
 PSYoungGen      total 625664K, used 14412K [0x00000000d5580000, 0x0000000100000000, 0x0000000100000000)
  eden space 550912K, 0% used [0x00000000d5580000,0x00000000d5580000,0x00000000f6f80000)
  from space 74752K, 19% used [0x00000000fb700000,0x00000000fc5132c0,0x0000000100000000)
  to   space 73216K, 0% used [0x00000000f6f80000,0x00000000f6f80000,0x00000000fb700000)
 ParOldGen       total 250880K, used 143586K [0x0000000080000000, 0x000000008f500000, 0x00000000d5580000)
  object space 250880K, 57% used [0x0000000080000000,0x0000000088c38ac0,0x000000008f500000)
 Metaspace       used 144205K, capacity 151912K, committed 152232K, reserved 1181696K
  class space    used 18653K, capacity 20079K, committed 20144K, reserved 1048576K
}
Event: 6624.671 GC heap before
{Heap before GC invocations=50 (full 5):
 PSYoungGen      total 625664K, used 565324K [0x00000000d5580000, 0x0000000100000000, 0x0000000100000000)
  eden space 550912K, 100% used [0x00000000d5580000,0x00000000f6f80000,0x00000000f6f80000)
  from space 74752K, 19% used [0x00000000fb700000,0x00000000fc5132c0,0x0000000100000000)
  to   space 73216K, 0% used [0x00000000f6f80000,0x00000000f6f80000,0x00000000fb700000)
 ParOldGen       total 250880K, used 143586K [0x0000000080000000, 0x000000008f500000, 0x00000000d5580000)
  object space 250880K, 57% used [0x0000000080000000,0x0000000088c38ac0,0x000000008f500000)
 Metaspace       used 144328K, capacity 152012K, committed 152232K, reserved 1181696K
  class space    used 18654K, capacity 20081K, committed 20144K, reserved 1048576K
Event: 6624.705 GC heap after
Heap after GC invocations=50 (full 5):
 PSYoungGen      total 564224K, used 13294K [0x00000000d5580000, 0x00000000ffa80000, 0x0000000100000000)
  eden space 550912K, 0% used [0x00000000d5580000,0x00000000d5580000,0x00000000f6f80000)
  from space 13312K, 99% used [0x00000000f6f80000,0x00000000f7c7ba30,0x00000000f7c80000)
  to   space 71168K, 0% used [0x00000000fb500000,0x00000000fb500000,0x00000000ffa80000)
 ParOldGen       total 250880K, used 147530K [0x0000000080000000, 0x000000008f500000, 0x00000000d5580000)
  object space 250880K, 58% used [0x0000000080000000,0x0000000089012b10,0x000000008f500000)
 Metaspace       used 144328K, capacity 152012K, committed 152232K, reserved 1181696K
  class space    used 18654K, capacity 20081K, committed 20144K, reserved 1048576K
}

Deoptimization events (10 events):
Event: 6625.215 Thread 0x00000000219fc800 Uncommon trap: reason=unstable_if action=reinterpret pc=0x0000000008a0b668 method=com.android.tools.r8.z.a.a.f.a(II[C)Ljava/lang/String; @ 59
Event: 6625.215 Thread 0x00000000219fc800 Uncommon trap: reason=unstable_if action=reinterpret pc=0x0000000008a0a6ec method=com.android.tools.r8.graph.i0.a(C)I @ 16
Event: 6625.215 Thread 0x00000000219fc800 Uncommon trap: reason=unstable_if action=reinterpret pc=0x0000000008918854 method=com.android.tools.r8.graph.i0.a(C[BI)I @ 27
Event: 6625.322 Thread 0x0000000021a05000 Uncommon trap: reason=array_check action=maybe_recompile pc=0x00000000081f8df4 method=java.util.TimSort.mergeLo(IIII)V @ 245
Event: 6625.322 Thread 0x0000000021a05000 Uncommon trap: reason=array_check action=maybe_recompile pc=0x0000000008b1ad9c method=java.util.TimSort.mergeHi(IIII)V @ 419
Event: 6625.322 Thread 0x0000000021a05000 Uncommon trap: reason=array_check action=maybe_recompile pc=0x0000000008b1ad9c method=java.util.TimSort.mergeHi(IIII)V @ 419
Event: 6625.420 Thread 0x00000000219fc800 Uncommon trap: reason=unstable_if action=reinterpret pc=0x0000000008a2443c method=com.android.tools.r8.graph.i0.a([C)I @ 68
Event: 6625.748 Thread 0x00000000219fc800 Uncommon trap: reason=unstable_if action=reinterpret pc=0x0000000008b70478 method=com.android.tools.r8.q.a.a.a.v.equivalent(Ljava/lang/Object;Ljava/lang/Object;)Z @ 2
Event: 6626.076 Thread 0x00000000219fc800 Uncommon trap: reason=class_check action=maybe_recompile pc=0x00000000088e7be8 method=com.android.tools.r8.ir.conversion.o.a(Lcom/android/tools/r8/ir/conversion/N;IZ)V @ 524
Event: 6626.425 Thread 0x00000000219fc800 Uncommon trap: reason=unstable_if action=reinterpret pc=0x0000000008b044e8 method=com.android.tools.r8.ir.conversion.N.a(IIZ)V @ 1

Classes redefined (0 events):
No events

Internal exceptions (10 events):
Event: 6625.002 Thread 0x0000000031b98800 Exception <a 'sun/nio/fs/WindowsException'> (0x00000000de2fbfe0) thrown at [C:\src\AOSP-openjdk-git\hotspot\src\share\vm\prims\jni.cpp, line 710]
Event: 6625.029 Thread 0x0000000021a05000 Exception <a 'sun/nio/fs/WindowsException'> (0x00000000d80389d8) thrown at [C:\src\AOSP-openjdk-git\hotspot\src\share\vm\prims\jni.cpp, line 710]
Event: 6625.034 Thread 0x0000000021a02800 Exception <a 'sun/nio/fs/WindowsException'> (0x00000000dbbad868) thrown at [C:\src\AOSP-openjdk-git\hotspot\src\share\vm\prims\jni.cpp, line 710]
Event: 6625.044 Thread 0x0000000021a05800 Exception <a 'sun/nio/fs/WindowsException'> (0x00000000e0373520) thrown at [C:\src\AOSP-openjdk-git\hotspot\src\share\vm\prims\jni.cpp, line 710]
Event: 6625.116 Thread 0x00000000219fc800 Exception <a 'sun/nio/fs/WindowsException'> (0x00000000e2e6d828) thrown at [C:\src\AOSP-openjdk-git\hotspot\src\share\vm\prims\jni.cpp, line 710]
Event: 6625.116 Thread 0x0000000031b98800 Exception <a 'sun/nio/fs/WindowsException'> (0x00000000e34c6e58) thrown at [C:\src\AOSP-openjdk-git\hotspot\src\share\vm\prims\jni.cpp, line 710]
Event: 6625.170 Thread 0x00000000219fc800 Exception <a 'sun/nio/fs/WindowsException'> (0x00000000e5461a78) thrown at [C:\src\AOSP-openjdk-git\hotspot\src\share\vm\prims\jni.cpp, line 710]
Event: 6625.286 Thread 0x0000000021a02800 Exception <a 'sun/nio/fs/WindowsException'> (0x00000000e7b23148) thrown at [C:\src\AOSP-openjdk-git\hotspot\src\share\vm\prims\jni.cpp, line 710]
Event: 6625.331 Thread 0x0000000021a05000 Exception <a 'sun/nio/fs/WindowsException'> (0x00000000e84cde70) thrown at [C:\src\AOSP-openjdk-git\hotspot\src\share\vm\prims\jni.cpp, line 710]
Event: 6625.340 Thread 0x0000000021a08800 Exception <a 'sun/nio/fs/WindowsException'> (0x00000000e886a7a8) thrown at [C:\src\AOSP-openjdk-git\hotspot\src\share\vm\prims\jni.cpp, line 710]

Events (10 events):
Event: 6626.253 Thread 0x00000000219fc800 DEOPT UNPACKING pc=0x00000000032a71d0 sp=0x0000000022b89bc0 mode 0
Event: 6626.330 Thread 0x00000000219fc800 DEOPT PACKING pc=0x00000000082d7d2c sp=0x0000000022b89cb0
Event: 6626.330 Thread 0x00000000219fc800 DEOPT UNPACKING pc=0x00000000032a71d0 sp=0x0000000022b89bb8 mode 0
Event: 6626.395 Thread 0x00000000219fc800 DEOPT PACKING pc=0x00000000082d7d2c sp=0x0000000022b89cb0
Event: 6626.395 Thread 0x00000000219fc800 DEOPT UNPACKING pc=0x00000000032a71d0 sp=0x0000000022b89bb8 mode 0
Event: 6626.425 Thread 0x00000000219fc800 Uncommon trap: trap_request=0xffffff65 fr.pc=0x0000000008b044e8
Event: 6626.425 Thread 0x00000000219fc800 DEOPT PACKING pc=0x0000000008b044e8 sp=0x0000000022b89f50
Event: 6626.425 Thread 0x00000000219fc800 DEOPT UNPACKING pc=0x00000000032a557b sp=0x0000000022b89e50 mode 2
Event: 6626.480 Thread 0x00000000219fc800 DEOPT PACKING pc=0x00000000085ca310 sp=0x0000000022b8a130
Event: 6626.481 Thread 0x00000000219fc800 DEOPT UNPACKING pc=0x00000000032a71d0 sp=0x0000000022b89ee0 mode 0


Dynamic libraries:
0x00007ff695ef0000 - 0x00007ff695f21000 	C:\Program Files\Android\Android Studio\jre\bin\java.exe
0x00007fff57ff0000 - 0x00007fff581e5000 	C:\Windows\SYSTEM32\ntdll.dll
0x00007fff562b0000 - 0x00007fff5636d000 	C:\Windows\System32\KERNEL32.DLL
0x00007fff55d10000 - 0x00007fff55fd7000 	C:\Windows\System32\KERNELBASE.dll
0x00007fff577e0000 - 0x00007fff5788a000 	C:\Windows\System32\ADVAPI32.dll
0x00007fff56190000 - 0x00007fff5622e000 	C:\Windows\System32\msvcrt.dll
0x00007fff57920000 - 0x00007fff579bb000 	C:\Windows\System32\sechost.dll
0x00007fff56c00000 - 0x00007fff56d23000 	C:\Windows\System32\RPCRT4.dll
0x00007fff56a60000 - 0x00007fff56c00000 	C:\Windows\System32\USER32.dll
0x00007fff55740000 - 0x00007fff55762000 	C:\Windows\System32\win32u.dll
0x00007fff56f50000 - 0x00007fff56f7a000 	C:\Windows\System32\GDI32.dll
0x00007fff55770000 - 0x00007fff5587a000 	C:\Windows\System32\gdi32full.dll
0x00007fff55c70000 - 0x00007fff55d0d000 	C:\Windows\System32\msvcp_win.dll
0x00007fff55880000 - 0x00007fff55980000 	C:\Windows\System32\ucrtbase.dll
0x00007fff41c60000 - 0x00007fff41efa000 	C:\Windows\WinSxS\amd64_microsoft.windows.common-controls_6595b64144ccf1df_6.0.19041.1_none_b555e41d4684ddec\COMCTL32.dll
0x00007fff56f80000 - 0x00007fff56fb0000 	C:\Windows\System32\IMM32.DLL
0x0000000060630000 - 0x0000000060702000 	C:\Program Files\Android\Android Studio\jre\jre\bin\msvcr100.dll
0x000000005dc40000 - 0x000000005e48b000 	C:\Program Files\Android\Android Studio\jre\jre\bin\server\jvm.dll
0x00007fff56fb0000 - 0x00007fff56fb8000 	C:\Windows\System32\PSAPI.DLL
0x00007fff513b0000 - 0x00007fff513b9000 	C:\Windows\SYSTEM32\WSOCK32.dll
0x00007fff49f00000 - 0x00007fff49f27000 	C:\Windows\SYSTEM32\WINMM.dll
0x00007fff56d30000 - 0x00007fff56d9b000 	C:\Windows\System32\WS2_32.dll
0x00007fff4fc40000 - 0x00007fff4fc4a000 	C:\Windows\SYSTEM32\VERSION.dll
0x00007fff513a0000 - 0x00007fff513af000 	C:\Program Files\Android\Android Studio\jre\jre\bin\verify.dll
0x00007fff51240000 - 0x00007fff51269000 	C:\Program Files\Android\Android Studio\jre\jre\bin\java.dll
0x00007fff50820000 - 0x00007fff50836000 	C:\Program Files\Android\Android Studio\jre\jre\bin\zip.dll
0x00007fff56fc0000 - 0x00007fff57700000 	C:\Windows\System32\SHELL32.dll
0x00007fff53880000 - 0x00007fff54011000 	C:\Windows\SYSTEM32\windows.storage.dll
0x00007fff56700000 - 0x00007fff56a53000 	C:\Windows\System32\combase.dll
0x00007fff55020000 - 0x00007fff5504c000 	C:\Windows\SYSTEM32\Wldp.dll
0x00007fff579c0000 - 0x00007fff57a6e000 	C:\Windows\System32\SHCORE.dll
0x00007fff56630000 - 0x00007fff56685000 	C:\Windows\System32\shlwapi.dll
0x00007fff55680000 - 0x00007fff5569f000 	C:\Windows\SYSTEM32\profapi.dll
0x00007fff4eeb0000 - 0x00007fff4eeca000 	C:\Program Files\Android\Android Studio\jre\jre\bin\net.dll
0x00007fff54e10000 - 0x00007fff54e7a000 	C:\Windows\system32\mswsock.dll
0x00007fff4ee90000 - 0x00007fff4eea3000 	C:\Program Files\Android\Android Studio\jre\jre\bin\nio.dll
0x00007fff46eb0000 - 0x00007fff46ed7000 	C:\Users\Vlad\.gradle\native\f6784746aeab05261644944871eae4fe03e0ef1612fff0a4a95f87b438bc6780\windows-amd64\native-platform.dll
0x00007fff50fc0000 - 0x00007fff50fcd000 	C:\Program Files\Android\Android Studio\jre\jre\bin\management.dll
0x00007fff550c0000 - 0x00007fff550d8000 	C:\Windows\SYSTEM32\CRYPTSP.dll
0x00007fff547c0000 - 0x00007fff547f4000 	C:\Windows\system32\rsaenh.dll
0x00007fff55980000 - 0x00007fff559a7000 	C:\Windows\System32\bcrypt.dll
0x00007fff55640000 - 0x00007fff5566e000 	C:\Windows\SYSTEM32\USERENV.dll
0x00007fff55fe0000 - 0x00007fff5605f000 	C:\Windows\System32\bcryptprimitives.dll
0x00007fff54f90000 - 0x00007fff54f9c000 	C:\Windows\SYSTEM32\CRYPTBASE.dll
0x00007fff54b20000 - 0x00007fff54b5b000 	C:\Windows\SYSTEM32\IPHLPAPI.DLL
0x00007fff566f0000 - 0x00007fff566f9000 	C:\Windows\System32\NSI.dll
0x00007fff46b80000 - 0x00007fff46b97000 	C:\Windows\SYSTEM32\dhcpcsvc6.DLL
0x00007fff46bb0000 - 0x00007fff46bcd000 	C:\Windows\SYSTEM32\dhcpcsvc.DLL
0x00007fff54b60000 - 0x00007fff54c2a000 	C:\Windows\SYSTEM32\DNSAPI.dll
0x00007fff49eb0000 - 0x00007fff49ebb000 	C:\Windows\SYSTEM32\WINNSI.DLL
0x00007fff3af40000 - 0x00007fff3b0dc000 	C:\Program Files\Android\Android Studio\jre\jre\bin\awt.dll
0x00007fff56370000 - 0x00007fff5643d000 	C:\Windows\System32\OLEAUT32.dll
0x00007fff534a0000 - 0x00007fff534cf000 	C:\Windows\SYSTEM32\dwmapi.dll
0x00007fff51cf0000 - 0x00007fff522b0000 	C:\Windows\SYSTEM32\d2d1.dll
0x00007fff53030000 - 0x00007fff530c0000 	C:\Windows\SYSTEM32\apphelp.dll
0x00007fff531c0000 - 0x00007fff5325f000 	C:\Windows\system32\uxtheme.dll
0x00007fff54470000 - 0x00007fff544a3000 	C:\Windows\SYSTEM32\ntmarta.dll

VM Arguments:
jvm_args: -Xmx2048m -Dfile.encoding=windows-1251 -Duser.country=RU -Duser.language=ru -Duser.variant 
java_command: org.gradle.launcher.daemon.bootstrap.GradleDaemon 6.5
java_class_path (initial): C:\Users\Vlad\.gradle\wrapper\dists\gradle-6.5-bin\6nifqtx7604sqp1q6g8wikw7p\gradle-6.5\lib\gradle-launcher-6.5.jar
Launcher Type: SUN_STANDARD

Environment Variables:
PATH=C:\Program Files (x86)\Common Files\Oracle\Java\javapath;C:\Windows\system32;C:\Windows;C:\Windows\System32\Wbem;C:\Windows\System32\WindowsPowerShell\v1.0\;C:\Windows\System32\OpenSSH\;C:\Program Files\NVIDIA Corporation\NVIDIA NvDLISR;C:\Program Files (x86)\NVIDIA Corporation\PhysX\Common;C:\Program Files\dotnet\;C:\Program Files\Git\cmd;C:\Users\Vlad\AppData\Local\Programs\Python\Python38-32\Scripts\;C:\Users\Vlad\AppData\Local\Programs\Python\Python38-32\;C:\Users\Vlad\AppData\Local\Microsoft\WindowsApps;C:\Users\Vlad\.dotnet\tools;C:\Program Files\JetBrains\PyCharm Community Edition 2020.2.2\bin;
USERNAME=Vlad
OS=Windows_NT
PROCESSOR_IDENTIFIER=AMD64 Family 23 Model 17 Stepping 0, AuthenticAMD



---------------  S Y S T E M  ---------------

OS: Windows 10.0 , 64 bit Build 19041 (10.0.19041.292)

CPU:total 8 (initial active 8) (8 cores per cpu, 1 threads per core) family 23 model 17 stepping 0, cmov, cx8, fxsr, mmx, sse, sse2, sse3, ssse3, sse4.1, sse4.2, popcnt, avx, avx2, aes, clmul, mmxext, 3dnowpref, lzcnt, sse4a, tsc, tscinvbit, tscinv, bmi1

Memory: 4k page, physical 7283172k(853728k free), swap 9380324k(6308k free)

vm_info: OpenJDK 64-Bit Server VM (25.242-b01) for windows-amd64 JRE (1.8.0_242-release-1644-b01), built by "builder" with MS VC++ 10.0 (VS2010)

time: Wed Dec 30 20:29:31 2020
timezone: RTZ 7 (зима)
elapsed time: 6626 seconds (0d 1h 50m 26s)

